{"/home/alex/Área de Trabalho/Projetos/projeto20-repoprovas/app.ts": {"path":"/home/alex/Área de Trabalho/Projetos/projeto20-repoprovas/app.ts","all":false,"statementMap":{"0":{"start":{"line":1,"column":0},"end":{"line":1,"column":30}},"1":{"start":{"line":2,"column":0},"end":{"line":2,"column":30}},"2":{"start":{"line":3,"column":0},"end":{"line":3,"column":24}},"3":{"start":{"line":4,"column":0},"end":{"line":4,"column":52}},"4":{"start":{"line":5,"column":0},"end":{"line":5,"column":52}},"5":{"start":{"line":6,"column":0},"end":{"line":6,"column":58}},"6":{"start":{"line":7,"column":0},"end":{"line":7,"column":0}},"7":{"start":{"line":8,"column":0},"end":{"line":8,"column":22}},"8":{"start":{"line":9,"column":0},"end":{"line":9,"column":16}},"9":{"start":{"line":10,"column":0},"end":{"line":10,"column":24}},"10":{"start":{"line":11,"column":0},"end":{"line":11,"column":0}},"11":{"start":{"line":12,"column":0},"end":{"line":12,"column":31}},"12":{"start":{"line":13,"column":0},"end":{"line":13,"column":31}},"13":{"start":{"line":14,"column":0},"end":{"line":14,"column":0}},"14":{"start":{"line":15,"column":0},"end":{"line":15,"column":22}},"15":{"start":{"line":16,"column":0},"end":{"line":16,"column":0}},"16":{"start":{"line":17,"column":0},"end":{"line":17,"column":19}}},"s":{"0":1,"1":1,"2":1,"3":1,"4":1,"5":1,"6":1,"7":1,"8":1,"9":1,"10":1,"11":1,"12":1,"13":1,"14":1,"15":1,"16":1},"branchMap":{},"b":{},"fnMap":{},"f":{}}
,"/home/alex/Área de Trabalho/Projetos/projeto20-repoprovas/lib/controllers/testsController.ts": {"path":"/home/alex/Área de Trabalho/Projetos/projeto20-repoprovas/lib/controllers/testsController.ts","all":false,"statementMap":{"0":{"start":{"line":1,"column":0},"end":{"line":1,"column":54}},"1":{"start":{"line":2,"column":0},"end":{"line":2,"column":58}},"2":{"start":{"line":3,"column":0},"end":{"line":3,"column":0}},"3":{"start":{"line":4,"column":0},"end":{"line":4,"column":76}},"4":{"start":{"line":5,"column":0},"end":{"line":5,"column":0}},"5":{"start":{"line":6,"column":0},"end":{"line":6,"column":30}},"6":{"start":{"line":7,"column":0},"end":{"line":7,"column":45}},"7":{"start":{"line":8,"column":0},"end":{"line":8,"column":24}},"8":{"start":{"line":9,"column":0},"end":{"line":9,"column":0}},"9":{"start":{"line":10,"column":0},"end":{"line":10,"column":1}},"10":{"start":{"line":11,"column":0},"end":{"line":11,"column":0}},"11":{"start":{"line":12,"column":0},"end":{"line":12,"column":81}},"12":{"start":{"line":13,"column":0},"end":{"line":13,"column":0}},"13":{"start":{"line":14,"column":0},"end":{"line":14,"column":56}},"14":{"start":{"line":15,"column":0},"end":{"line":15,"column":20}},"15":{"start":{"line":16,"column":0},"end":{"line":16,"column":0}},"16":{"start":{"line":17,"column":0},"end":{"line":17,"column":1}},"17":{"start":{"line":18,"column":0},"end":{"line":18,"column":0}},"18":{"start":{"line":19,"column":0},"end":{"line":19,"column":79}},"19":{"start":{"line":20,"column":0},"end":{"line":20,"column":0}},"20":{"start":{"line":21,"column":0},"end":{"line":21,"column":54}},"21":{"start":{"line":22,"column":0},"end":{"line":22,"column":20}},"22":{"start":{"line":23,"column":0},"end":{"line":23,"column":0}},"23":{"start":{"line":24,"column":0},"end":{"line":24,"column":1}},"24":{"start":{"line":25,"column":0},"end":{"line":25,"column":0}},"25":{"start":{"line":26,"column":0},"end":{"line":26,"column":16}},"26":{"start":{"line":27,"column":0},"end":{"line":27,"column":16}},"27":{"start":{"line":28,"column":0},"end":{"line":28,"column":21}},"28":{"start":{"line":29,"column":0},"end":{"line":29,"column":18}},"29":{"start":{"line":30,"column":0},"end":{"line":30,"column":1}}},"s":{"0":1,"1":1,"2":1,"3":3,"4":3,"5":3,"6":3,"7":1,"8":1,"9":1,"10":1,"11":1,"12":1,"13":1,"14":1,"15":1,"16":1,"17":1,"18":1,"19":1,"20":1,"21":1,"22":1,"23":1,"24":1,"25":1,"26":1,"27":1,"28":1,"29":1},"branchMap":{"0":{"type":"branch","line":4,"loc":{"start":{"line":4,"column":0},"end":{"line":10,"column":1}},"locations":[{"start":{"line":4,"column":0},"end":{"line":10,"column":1}}]},"1":{"type":"branch","line":8,"loc":{"start":{"line":8,"column":-1},"end":{"line":10,"column":1}},"locations":[{"start":{"line":8,"column":-1},"end":{"line":10,"column":1}}]},"2":{"type":"branch","line":12,"loc":{"start":{"line":12,"column":0},"end":{"line":17,"column":1}},"locations":[{"start":{"line":12,"column":0},"end":{"line":17,"column":1}}]},"3":{"type":"branch","line":19,"loc":{"start":{"line":19,"column":0},"end":{"line":24,"column":1}},"locations":[{"start":{"line":19,"column":0},"end":{"line":24,"column":1}}]}},"b":{"0":[3],"1":[1],"2":[1],"3":[1]},"fnMap":{"0":{"name":"createTests","decl":{"start":{"line":4,"column":0},"end":{"line":10,"column":1}},"loc":{"start":{"line":4,"column":0},"end":{"line":10,"column":1}},"line":4},"1":{"name":"listByDiscipline","decl":{"start":{"line":12,"column":0},"end":{"line":17,"column":1}},"loc":{"start":{"line":12,"column":0},"end":{"line":17,"column":1}},"line":12},"2":{"name":"listByTeachers","decl":{"start":{"line":19,"column":0},"end":{"line":24,"column":1}},"loc":{"start":{"line":19,"column":0},"end":{"line":24,"column":1}},"line":19}},"f":{"0":3,"1":1,"2":1}}
,"/home/alex/Área de Trabalho/Projetos/projeto20-repoprovas/lib/controllers/usersController.ts": {"path":"/home/alex/Área de Trabalho/Projetos/projeto20-repoprovas/lib/controllers/usersController.ts","all":false,"statementMap":{"0":{"start":{"line":1,"column":0},"end":{"line":1,"column":54}},"1":{"start":{"line":2,"column":0},"end":{"line":2,"column":58}},"2":{"start":{"line":3,"column":0},"end":{"line":3,"column":0}},"3":{"start":{"line":4,"column":0},"end":{"line":4,"column":76}},"4":{"start":{"line":5,"column":0},"end":{"line":5,"column":0}},"5":{"start":{"line":6,"column":0},"end":{"line":6,"column":30}},"6":{"start":{"line":7,"column":0},"end":{"line":7,"column":36}},"7":{"start":{"line":8,"column":0},"end":{"line":8,"column":45}},"8":{"start":{"line":9,"column":0},"end":{"line":9,"column":24}},"9":{"start":{"line":10,"column":0},"end":{"line":10,"column":0}},"10":{"start":{"line":11,"column":0},"end":{"line":11,"column":1}},"11":{"start":{"line":12,"column":0},"end":{"line":12,"column":0}},"12":{"start":{"line":13,"column":0},"end":{"line":13,"column":69}},"13":{"start":{"line":14,"column":0},"end":{"line":14,"column":0}},"14":{"start":{"line":15,"column":0},"end":{"line":15,"column":45}},"15":{"start":{"line":16,"column":0},"end":{"line":16,"column":21}},"16":{"start":{"line":17,"column":0},"end":{"line":17,"column":0}},"17":{"start":{"line":18,"column":0},"end":{"line":18,"column":1}},"18":{"start":{"line":19,"column":0},"end":{"line":19,"column":0}},"19":{"start":{"line":20,"column":0},"end":{"line":20,"column":70}},"20":{"start":{"line":21,"column":0},"end":{"line":21,"column":0}},"21":{"start":{"line":22,"column":0},"end":{"line":22,"column":41}},"22":{"start":{"line":23,"column":0},"end":{"line":23,"column":60}},"23":{"start":{"line":24,"column":0},"end":{"line":24,"column":24}},"24":{"start":{"line":25,"column":0},"end":{"line":25,"column":4}},"25":{"start":{"line":26,"column":0},"end":{"line":26,"column":1}},"26":{"start":{"line":27,"column":0},"end":{"line":27,"column":0}},"27":{"start":{"line":28,"column":0},"end":{"line":28,"column":16}},"28":{"start":{"line":29,"column":0},"end":{"line":29,"column":16}},"29":{"start":{"line":30,"column":0},"end":{"line":30,"column":10}},"30":{"start":{"line":31,"column":0},"end":{"line":31,"column":8}},"31":{"start":{"line":32,"column":0},"end":{"line":32,"column":1}}},"s":{"0":1,"1":1,"2":1,"3":10,"4":10,"5":10,"6":10,"7":10,"8":9,"9":9,"10":9,"11":1,"12":0,"13":0,"14":0,"15":0,"16":0,"17":0,"18":1,"19":10,"20":10,"21":10,"22":10,"23":9,"24":9,"25":9,"26":1,"27":1,"28":1,"29":1,"30":1,"31":1},"branchMap":{"0":{"type":"branch","line":4,"loc":{"start":{"line":4,"column":0},"end":{"line":11,"column":1}},"locations":[{"start":{"line":4,"column":0},"end":{"line":11,"column":1}}]},"1":{"type":"branch","line":9,"loc":{"start":{"line":9,"column":-1},"end":{"line":11,"column":1}},"locations":[{"start":{"line":9,"column":-1},"end":{"line":11,"column":1}}]},"2":{"type":"branch","line":20,"loc":{"start":{"line":20,"column":0},"end":{"line":26,"column":1}},"locations":[{"start":{"line":20,"column":0},"end":{"line":26,"column":1}}]},"3":{"type":"branch","line":24,"loc":{"start":{"line":24,"column":-1},"end":{"line":26,"column":1}},"locations":[{"start":{"line":24,"column":-1},"end":{"line":26,"column":1}}]}},"b":{"0":[10],"1":[9],"2":[10],"3":[9]},"fnMap":{"0":{"name":"createUsers","decl":{"start":{"line":4,"column":0},"end":{"line":11,"column":1}},"loc":{"start":{"line":4,"column":0},"end":{"line":11,"column":1}},"line":4},"1":{"name":"list","decl":{"start":{"line":13,"column":0},"end":{"line":18,"column":1}},"loc":{"start":{"line":13,"column":0},"end":{"line":18,"column":1}},"line":13},"2":{"name":"login","decl":{"start":{"line":20,"column":0},"end":{"line":26,"column":1}},"loc":{"start":{"line":20,"column":0},"end":{"line":26,"column":1}},"line":20}},"f":{"0":10,"1":0,"2":10}}
,"/home/alex/Área de Trabalho/Projetos/projeto20-repoprovas/lib/databases/prisma.ts": {"path":"/home/alex/Área de Trabalho/Projetos/projeto20-repoprovas/lib/databases/prisma.ts","all":false,"statementMap":{"0":{"start":{"line":1,"column":0},"end":{"line":1,"column":46}},"1":{"start":{"line":2,"column":0},"end":{"line":2,"column":34}},"2":{"start":{"line":3,"column":0},"end":{"line":3,"column":22}}},"s":{"0":1,"1":1,"2":1},"branchMap":{},"b":{},"fnMap":{},"f":{}}
,"/home/alex/Área de Trabalho/Projetos/projeto20-repoprovas/lib/middlewares/authenticationValidator.ts": {"path":"/home/alex/Área de Trabalho/Projetos/projeto20-repoprovas/lib/middlewares/authenticationValidator.ts","all":false,"statementMap":{"0":{"start":{"line":1,"column":0},"end":{"line":1,"column":58}},"1":{"start":{"line":2,"column":0},"end":{"line":2,"column":31}},"2":{"start":{"line":3,"column":0},"end":{"line":3,"column":28}},"3":{"start":{"line":4,"column":0},"end":{"line":4,"column":0}},"4":{"start":{"line":5,"column":0},"end":{"line":5,"column":16}},"5":{"start":{"line":6,"column":0},"end":{"line":6,"column":54}},"6":{"start":{"line":7,"column":0},"end":{"line":7,"column":0}},"7":{"start":{"line":8,"column":0},"end":{"line":8,"column":32}},"8":{"start":{"line":9,"column":0},"end":{"line":9,"column":0}},"9":{"start":{"line":10,"column":0},"end":{"line":10,"column":41}},"10":{"start":{"line":11,"column":0},"end":{"line":11,"column":56}},"11":{"start":{"line":12,"column":0},"end":{"line":12,"column":49}},"12":{"start":{"line":13,"column":0},"end":{"line":13,"column":5}},"13":{"start":{"line":14,"column":0},"end":{"line":14,"column":16}},"14":{"start":{"line":15,"column":0},"end":{"line":15,"column":0}},"15":{"start":{"line":16,"column":0},"end":{"line":16,"column":1}},"16":{"start":{"line":17,"column":0},"end":{"line":17,"column":0}},"17":{"start":{"line":18,"column":0},"end":{"line":18,"column":103}},"18":{"start":{"line":19,"column":0},"end":{"line":19,"column":0}},"19":{"start":{"line":20,"column":0},"end":{"line":20,"column":40}},"20":{"start":{"line":21,"column":0},"end":{"line":21,"column":59}},"21":{"start":{"line":22,"column":0},"end":{"line":22,"column":0}},"22":{"start":{"line":23,"column":0},"end":{"line":23,"column":9}},"23":{"start":{"line":24,"column":0},"end":{"line":24,"column":8}},"24":{"start":{"line":25,"column":0},"end":{"line":25,"column":59}},"25":{"start":{"line":26,"column":0},"end":{"line":26,"column":39}},"26":{"start":{"line":27,"column":0},"end":{"line":27,"column":15}},"27":{"start":{"line":28,"column":0},"end":{"line":28,"column":0}},"28":{"start":{"line":29,"column":0},"end":{"line":29,"column":0}},"29":{"start":{"line":30,"column":0},"end":{"line":30,"column":19}},"30":{"start":{"line":31,"column":0},"end":{"line":31,"column":25}},"31":{"start":{"line":32,"column":0},"end":{"line":32,"column":53}},"32":{"start":{"line":33,"column":0},"end":{"line":33,"column":5}},"33":{"start":{"line":34,"column":0},"end":{"line":34,"column":0}},"34":{"start":{"line":35,"column":0},"end":{"line":35,"column":1}}},"s":{"0":1,"1":1,"2":1,"3":1,"4":1,"5":1,"6":1,"7":8,"8":8,"9":8,"10":8,"11":8,"12":8,"13":0,"14":0,"15":0,"16":1,"17":8,"18":8,"19":8,"20":8,"21":8,"22":8,"23":8,"24":8,"25":8,"26":8,"27":8,"28":8,"29":8,"30":1,"31":1,"32":1,"33":8,"34":8},"branchMap":{"0":{"type":"branch","line":6,"loc":{"start":{"line":6,"column":41},"end":{"line":6,"column":53}},"locations":[{"start":{"line":6,"column":41},"end":{"line":6,"column":53}}]},"1":{"type":"branch","line":8,"loc":{"start":{"line":8,"column":0},"end":{"line":16,"column":1}},"locations":[{"start":{"line":8,"column":0},"end":{"line":16,"column":1}}]},"2":{"type":"branch","line":14,"loc":{"start":{"line":14,"column":-1},"end":{"line":16,"column":1}},"locations":[{"start":{"line":14,"column":-1},"end":{"line":16,"column":1}}]},"3":{"type":"branch","line":18,"loc":{"start":{"line":18,"column":0},"end":{"line":35,"column":1}},"locations":[{"start":{"line":18,"column":0},"end":{"line":35,"column":1}}]},"4":{"type":"branch","line":21,"loc":{"start":{"line":21,"column":15},"end":{"line":21,"column":59}},"locations":[{"start":{"line":21,"column":15},"end":{"line":21,"column":59}}]},"5":{"type":"branch","line":30,"loc":{"start":{"line":30,"column":6},"end":{"line":33,"column":5}},"locations":[{"start":{"line":30,"column":6},"end":{"line":33,"column":5}}]}},"b":{"0":[0],"1":[8],"2":[0],"3":[8],"4":[0],"5":[1]},"fnMap":{"0":{"name":"getToken","decl":{"start":{"line":8,"column":0},"end":{"line":16,"column":1}},"loc":{"start":{"line":8,"column":0},"end":{"line":16,"column":1}},"line":8},"1":{"name":"authenticationValidator","decl":{"start":{"line":18,"column":0},"end":{"line":35,"column":1}},"loc":{"start":{"line":18,"column":0},"end":{"line":35,"column":1}},"line":18}},"f":{"0":8,"1":8}}
,"/home/alex/Área de Trabalho/Projetos/projeto20-repoprovas/lib/middlewares/errorHandler.ts": {"path":"/home/alex/Área de Trabalho/Projetos/projeto20-repoprovas/lib/middlewares/errorHandler.ts","all":false,"statementMap":{"0":{"start":{"line":1,"column":0},"end":{"line":1,"column":58}},"1":{"start":{"line":2,"column":0},"end":{"line":2,"column":0}},"2":{"start":{"line":3,"column":0},"end":{"line":3,"column":83}},"3":{"start":{"line":4,"column":0},"end":{"line":4,"column":0}},"4":{"start":{"line":5,"column":0},"end":{"line":5,"column":60}},"5":{"start":{"line":6,"column":0},"end":{"line":6,"column":0}},"6":{"start":{"line":7,"column":0},"end":{"line":7,"column":78}},"7":{"start":{"line":8,"column":0},"end":{"line":8,"column":77}},"8":{"start":{"line":9,"column":0},"end":{"line":9,"column":81}},"9":{"start":{"line":10,"column":0},"end":{"line":10,"column":0}},"10":{"start":{"line":11,"column":0},"end":{"line":11,"column":31}},"11":{"start":{"line":12,"column":0},"end":{"line":12,"column":0}},"12":{"start":{"line":13,"column":0},"end":{"line":13,"column":2}},"13":{"start":{"line":14,"column":0},"end":{"line":14,"column":0}},"14":{"start":{"line":15,"column":0},"end":{"line":15,"column":28}}},"s":{"0":1,"1":1,"2":4,"3":4,"4":4,"5":4,"6":4,"7":2,"8":1,"9":0,"10":0,"11":0,"12":0,"13":1,"14":1},"branchMap":{"0":{"type":"branch","line":3,"loc":{"start":{"line":3,"column":0},"end":{"line":13,"column":2}},"locations":[{"start":{"line":3,"column":0},"end":{"line":13,"column":2}}]},"1":{"type":"branch","line":7,"loc":{"start":{"line":7,"column":35},"end":{"line":13,"column":2}},"locations":[{"start":{"line":7,"column":35},"end":{"line":13,"column":2}}]},"2":{"type":"branch","line":8,"loc":{"start":{"line":8,"column":34},"end":{"line":9,"column":81}},"locations":[{"start":{"line":8,"column":34},"end":{"line":9,"column":81}}]},"3":{"type":"branch","line":10,"loc":{"start":{"line":10,"column":-1},"end":{"line":13,"column":2}},"locations":[{"start":{"line":10,"column":-1},"end":{"line":13,"column":2}}]}},"b":{"0":[4],"1":[2],"2":[1],"3":[0]},"fnMap":{"0":{"name":"errorHandler","decl":{"start":{"line":3,"column":0},"end":{"line":13,"column":2}},"loc":{"start":{"line":3,"column":0},"end":{"line":13,"column":2}},"line":3}},"f":{"0":4}}
,"/home/alex/Área de Trabalho/Projetos/projeto20-repoprovas/lib/middlewares/schemaValidator.ts": {"path":"/home/alex/Área de Trabalho/Projetos/projeto20-repoprovas/lib/middlewares/schemaValidator.ts","all":false,"statementMap":{"0":{"start":{"line":1,"column":0},"end":{"line":1,"column":57}},"1":{"start":{"line":2,"column":0},"end":{"line":2,"column":58}},"2":{"start":{"line":3,"column":0},"end":{"line":3,"column":35}},"3":{"start":{"line":4,"column":0},"end":{"line":4,"column":4}},"4":{"start":{"line":5,"column":0},"end":{"line":5,"column":72}},"5":{"start":{"line":6,"column":0},"end":{"line":6,"column":66}},"6":{"start":{"line":7,"column":0},"end":{"line":7,"column":0}},"7":{"start":{"line":8,"column":0},"end":{"line":8,"column":52}},"8":{"start":{"line":9,"column":0},"end":{"line":9,"column":71}},"9":{"start":{"line":10,"column":0},"end":{"line":10,"column":0}},"10":{"start":{"line":11,"column":0},"end":{"line":11,"column":15}},"11":{"start":{"line":12,"column":0},"end":{"line":12,"column":5}},"12":{"start":{"line":13,"column":0},"end":{"line":13,"column":1}}},"s":{"0":1,"1":1,"2":1,"3":1,"4":6,"5":6,"6":27,"7":27,"8":27,"9":23,"10":23,"11":23,"12":6},"branchMap":{"0":{"type":"branch","line":5,"loc":{"start":{"line":5,"column":0},"end":{"line":13,"column":1}},"locations":[{"start":{"line":5,"column":0},"end":{"line":13,"column":1}}]},"1":{"type":"branch","line":6,"loc":{"start":{"line":6,"column":11},"end":{"line":12,"column":5}},"locations":[{"start":{"line":6,"column":11},"end":{"line":12,"column":5}}]},"2":{"type":"branch","line":9,"loc":{"start":{"line":9,"column":19},"end":{"line":9,"column":71}},"locations":[{"start":{"line":9,"column":19},"end":{"line":9,"column":71}}]},"3":{"type":"branch","line":10,"loc":{"start":{"line":10,"column":-1},"end":{"line":12,"column":5}},"locations":[{"start":{"line":10,"column":-1},"end":{"line":12,"column":5}}]}},"b":{"0":[6],"1":[27],"2":[4],"3":[23]},"fnMap":{"0":{"name":"validateSchemaMiddleware","decl":{"start":{"line":5,"column":0},"end":{"line":13,"column":1}},"loc":{"start":{"line":5,"column":0},"end":{"line":13,"column":1}},"line":5}},"f":{"0":6}}
,"/home/alex/Área de Trabalho/Projetos/projeto20-repoprovas/lib/repositories/categoriesRepository.ts": {"path":"/home/alex/Área de Trabalho/Projetos/projeto20-repoprovas/lib/repositories/categoriesRepository.ts","all":false,"statementMap":{"0":{"start":{"line":1,"column":0},"end":{"line":1,"column":41}},"1":{"start":{"line":2,"column":0},"end":{"line":2,"column":0}},"2":{"start":{"line":3,"column":0},"end":{"line":3,"column":35}},"3":{"start":{"line":4,"column":0},"end":{"line":4,"column":0}},"4":{"start":{"line":5,"column":0},"end":{"line":5,"column":47}},"5":{"start":{"line":6,"column":0},"end":{"line":6,"column":16}},"6":{"start":{"line":7,"column":0},"end":{"line":7,"column":14}},"7":{"start":{"line":8,"column":0},"end":{"line":8,"column":9}},"8":{"start":{"line":9,"column":0},"end":{"line":9,"column":7}},"9":{"start":{"line":10,"column":0},"end":{"line":10,"column":0}},"10":{"start":{"line":11,"column":0},"end":{"line":11,"column":1}},"11":{"start":{"line":12,"column":0},"end":{"line":12,"column":0}},"12":{"start":{"line":13,"column":0},"end":{"line":13,"column":16}},"13":{"start":{"line":14,"column":0},"end":{"line":14,"column":11}},"14":{"start":{"line":15,"column":0},"end":{"line":15,"column":1}}},"s":{"0":1,"1":1,"2":3,"3":3,"4":3,"5":3,"6":3,"7":3,"8":3,"9":3,"10":3,"11":1,"12":1,"13":1,"14":1},"branchMap":{"0":{"type":"branch","line":3,"loc":{"start":{"line":3,"column":0},"end":{"line":11,"column":1}},"locations":[{"start":{"line":3,"column":0},"end":{"line":11,"column":1}}]}},"b":{"0":[3]},"fnMap":{"0":{"name":"getById","decl":{"start":{"line":3,"column":0},"end":{"line":11,"column":1}},"loc":{"start":{"line":3,"column":0},"end":{"line":11,"column":1}},"line":3}},"f":{"0":3}}
,"/home/alex/Área de Trabalho/Projetos/projeto20-repoprovas/lib/repositories/teachersDisciplinesRepository.ts": {"path":"/home/alex/Área de Trabalho/Projetos/projeto20-repoprovas/lib/repositories/teachersDisciplinesRepository.ts","all":false,"statementMap":{"0":{"start":{"line":1,"column":0},"end":{"line":1,"column":41}},"1":{"start":{"line":2,"column":0},"end":{"line":2,"column":0}},"2":{"start":{"line":3,"column":0},"end":{"line":3,"column":35}},"3":{"start":{"line":4,"column":0},"end":{"line":4,"column":0}},"4":{"start":{"line":5,"column":0},"end":{"line":5,"column":56}},"5":{"start":{"line":6,"column":0},"end":{"line":6,"column":16}},"6":{"start":{"line":7,"column":0},"end":{"line":7,"column":14}},"7":{"start":{"line":8,"column":0},"end":{"line":8,"column":9}},"8":{"start":{"line":9,"column":0},"end":{"line":9,"column":7}},"9":{"start":{"line":10,"column":0},"end":{"line":10,"column":0}},"10":{"start":{"line":11,"column":0},"end":{"line":11,"column":1}},"11":{"start":{"line":12,"column":0},"end":{"line":12,"column":0}},"12":{"start":{"line":13,"column":0},"end":{"line":13,"column":16}},"13":{"start":{"line":14,"column":0},"end":{"line":14,"column":11}},"14":{"start":{"line":15,"column":0},"end":{"line":15,"column":1}}},"s":{"0":1,"1":1,"2":2,"3":2,"4":2,"5":2,"6":2,"7":2,"8":2,"9":2,"10":2,"11":1,"12":1,"13":1,"14":1},"branchMap":{"0":{"type":"branch","line":3,"loc":{"start":{"line":3,"column":0},"end":{"line":11,"column":1}},"locations":[{"start":{"line":3,"column":0},"end":{"line":11,"column":1}}]}},"b":{"0":[2]},"fnMap":{"0":{"name":"getById","decl":{"start":{"line":3,"column":0},"end":{"line":11,"column":1}},"loc":{"start":{"line":3,"column":0},"end":{"line":11,"column":1}},"line":3}},"f":{"0":2}}
,"/home/alex/Área de Trabalho/Projetos/projeto20-repoprovas/lib/repositories/testsRepository.ts": {"path":"/home/alex/Área de Trabalho/Projetos/projeto20-repoprovas/lib/repositories/testsRepository.ts","all":false,"statementMap":{"0":{"start":{"line":1,"column":0},"end":{"line":1,"column":41}},"1":{"start":{"line":2,"column":0},"end":{"line":2,"column":52}},"2":{"start":{"line":3,"column":0},"end":{"line":3,"column":0}},"3":{"start":{"line":4,"column":0},"end":{"line":4,"column":3}},"4":{"start":{"line":5,"column":0},"end":{"line":5,"column":60}},"5":{"start":{"line":6,"column":0},"end":{"line":6,"column":79}},"6":{"start":{"line":7,"column":0},"end":{"line":7,"column":3}},"7":{"start":{"line":8,"column":0},"end":{"line":8,"column":49}},"8":{"start":{"line":9,"column":0},"end":{"line":9,"column":4}},"9":{"start":{"line":10,"column":0},"end":{"line":10,"column":51}},"10":{"start":{"line":11,"column":0},"end":{"line":11,"column":0}},"11":{"start":{"line":12,"column":0},"end":{"line":12,"column":1}},"12":{"start":{"line":13,"column":0},"end":{"line":13,"column":0}},"13":{"start":{"line":14,"column":0},"end":{"line":14,"column":3}},"14":{"start":{"line":15,"column":0},"end":{"line":15,"column":43}},"15":{"start":{"line":16,"column":0},"end":{"line":16,"column":28}},"16":{"start":{"line":17,"column":0},"end":{"line":17,"column":3}},"17":{"start":{"line":18,"column":0},"end":{"line":18,"column":23}},"18":{"start":{"line":19,"column":0},"end":{"line":19,"column":0}},"19":{"start":{"line":20,"column":0},"end":{"line":20,"column":47}},"20":{"start":{"line":21,"column":0},"end":{"line":21,"column":18}},"21":{"start":{"line":22,"column":0},"end":{"line":22,"column":34}},"22":{"start":{"line":23,"column":0},"end":{"line":23,"column":26}},"23":{"start":{"line":24,"column":0},"end":{"line":24,"column":35}},"24":{"start":{"line":25,"column":0},"end":{"line":25,"column":34}},"25":{"start":{"line":26,"column":0},"end":{"line":26,"column":34}},"26":{"start":{"line":27,"column":0},"end":{"line":27,"column":39}},"27":{"start":{"line":28,"column":0},"end":{"line":28,"column":25}},"28":{"start":{"line":29,"column":0},"end":{"line":29,"column":21}},"29":{"start":{"line":30,"column":0},"end":{"line":30,"column":17}},"30":{"start":{"line":31,"column":0},"end":{"line":31,"column":14}},"31":{"start":{"line":32,"column":0},"end":{"line":32,"column":28}},"32":{"start":{"line":33,"column":0},"end":{"line":33,"column":9}},"33":{"start":{"line":34,"column":0},"end":{"line":34,"column":7}},"34":{"start":{"line":35,"column":0},"end":{"line":35,"column":0}},"35":{"start":{"line":36,"column":0},"end":{"line":36,"column":17}},"36":{"start":{"line":37,"column":0},"end":{"line":37,"column":0}},"37":{"start":{"line":38,"column":0},"end":{"line":38,"column":1}},"38":{"start":{"line":39,"column":0},"end":{"line":39,"column":0}},"39":{"start":{"line":40,"column":0},"end":{"line":40,"column":16}},"40":{"start":{"line":41,"column":0},"end":{"line":41,"column":11}},"41":{"start":{"line":42,"column":0},"end":{"line":42,"column":8}},"42":{"start":{"line":43,"column":0},"end":{"line":43,"column":1}}},"s":{"0":1,"1":1,"2":1,"3":1,"4":1,"5":1,"6":1,"7":1,"8":1,"9":1,"10":1,"11":1,"12":1,"13":1,"14":1,"15":1,"16":1,"17":1,"18":2,"19":2,"20":2,"21":2,"22":2,"23":2,"24":2,"25":2,"26":2,"27":2,"28":2,"29":2,"30":2,"31":2,"32":2,"33":2,"34":2,"35":2,"36":2,"37":2,"38":1,"39":1,"40":1,"41":1,"42":1},"branchMap":{"0":{"type":"branch","line":8,"loc":{"start":{"line":8,"column":0},"end":{"line":12,"column":1}},"locations":[{"start":{"line":8,"column":0},"end":{"line":12,"column":1}}]},"1":{"type":"branch","line":18,"loc":{"start":{"line":18,"column":1},"end":{"line":38,"column":1}},"locations":[{"start":{"line":18,"column":1},"end":{"line":38,"column":1}}]}},"b":{"0":[1],"1":[2]},"fnMap":{"0":{"name":"create","decl":{"start":{"line":8,"column":0},"end":{"line":12,"column":1}},"loc":{"start":{"line":8,"column":0},"end":{"line":12,"column":1}},"line":8},"1":{"name":"list","decl":{"start":{"line":18,"column":1},"end":{"line":38,"column":1}},"loc":{"start":{"line":18,"column":1},"end":{"line":38,"column":1}},"line":18}},"f":{"0":1,"1":2}}
,"/home/alex/Área de Trabalho/Projetos/projeto20-repoprovas/lib/repositories/usersRepository.ts": {"path":"/home/alex/Área de Trabalho/Projetos/projeto20-repoprovas/lib/repositories/usersRepository.ts","all":false,"statementMap":{"0":{"start":{"line":1,"column":0},"end":{"line":1,"column":41}},"1":{"start":{"line":2,"column":0},"end":{"line":2,"column":52}},"2":{"start":{"line":3,"column":0},"end":{"line":3,"column":0}},"3":{"start":{"line":4,"column":0},"end":{"line":4,"column":3}},"4":{"start":{"line":5,"column":0},"end":{"line":5,"column":60}},"5":{"start":{"line":6,"column":0},"end":{"line":6,"column":78}},"6":{"start":{"line":7,"column":0},"end":{"line":7,"column":3}},"7":{"start":{"line":8,"column":0},"end":{"line":8,"column":48}},"8":{"start":{"line":9,"column":0},"end":{"line":9,"column":4}},"9":{"start":{"line":10,"column":0},"end":{"line":10,"column":50}},"10":{"start":{"line":11,"column":0},"end":{"line":11,"column":0}},"11":{"start":{"line":12,"column":0},"end":{"line":12,"column":1}},"12":{"start":{"line":13,"column":0},"end":{"line":13,"column":0}},"13":{"start":{"line":14,"column":0},"end":{"line":14,"column":42}},"14":{"start":{"line":15,"column":0},"end":{"line":15,"column":0}},"15":{"start":{"line":16,"column":0},"end":{"line":16,"column":48}},"16":{"start":{"line":17,"column":0},"end":{"line":17,"column":16}},"17":{"start":{"line":18,"column":0},"end":{"line":18,"column":17}},"18":{"start":{"line":19,"column":0},"end":{"line":19,"column":9}},"19":{"start":{"line":20,"column":0},"end":{"line":20,"column":7}},"20":{"start":{"line":21,"column":0},"end":{"line":21,"column":16}},"21":{"start":{"line":22,"column":0},"end":{"line":22,"column":0}},"22":{"start":{"line":23,"column":0},"end":{"line":23,"column":1}},"23":{"start":{"line":24,"column":0},"end":{"line":24,"column":0}},"24":{"start":{"line":25,"column":0},"end":{"line":25,"column":3}},"25":{"start":{"line":26,"column":0},"end":{"line":26,"column":44}},"26":{"start":{"line":27,"column":0},"end":{"line":27,"column":29}},"27":{"start":{"line":28,"column":0},"end":{"line":28,"column":3}},"28":{"start":{"line":29,"column":0},"end":{"line":29,"column":22}},"29":{"start":{"line":30,"column":0},"end":{"line":30,"column":0}},"30":{"start":{"line":31,"column":0},"end":{"line":31,"column":41}},"31":{"start":{"line":32,"column":0},"end":{"line":32,"column":0}},"32":{"start":{"line":33,"column":0},"end":{"line":33,"column":1}},"33":{"start":{"line":34,"column":0},"end":{"line":34,"column":0}},"34":{"start":{"line":35,"column":0},"end":{"line":35,"column":16}},"35":{"start":{"line":36,"column":0},"end":{"line":36,"column":11}},"36":{"start":{"line":37,"column":0},"end":{"line":37,"column":16}},"37":{"start":{"line":38,"column":0},"end":{"line":38,"column":8}},"38":{"start":{"line":39,"column":0},"end":{"line":39,"column":1}}},"s":{"0":1,"1":1,"2":1,"3":1,"4":1,"5":1,"6":1,"7":9,"8":9,"9":9,"10":9,"11":9,"12":1,"13":21,"14":21,"15":21,"16":21,"17":21,"18":21,"19":21,"20":21,"21":21,"22":21,"23":1,"24":1,"25":1,"26":1,"27":1,"28":0,"29":0,"30":0,"31":0,"32":0,"33":1,"34":1,"35":1,"36":1,"37":1,"38":1},"branchMap":{"0":{"type":"branch","line":8,"loc":{"start":{"line":8,"column":0},"end":{"line":12,"column":1}},"locations":[{"start":{"line":8,"column":0},"end":{"line":12,"column":1}}]},"1":{"type":"branch","line":14,"loc":{"start":{"line":14,"column":0},"end":{"line":23,"column":1}},"locations":[{"start":{"line":14,"column":0},"end":{"line":23,"column":1}}]}},"b":{"0":[9],"1":[21]},"fnMap":{"0":{"name":"create","decl":{"start":{"line":8,"column":0},"end":{"line":12,"column":1}},"loc":{"start":{"line":8,"column":0},"end":{"line":12,"column":1}},"line":8},"1":{"name":"findByEmail","decl":{"start":{"line":14,"column":0},"end":{"line":23,"column":1}},"loc":{"start":{"line":14,"column":0},"end":{"line":23,"column":1}},"line":14},"2":{"name":"list","decl":{"start":{"line":29,"column":0},"end":{"line":33,"column":1}},"loc":{"start":{"line":29,"column":0},"end":{"line":33,"column":1}},"line":29}},"f":{"0":9,"1":21,"2":0}}
,"/home/alex/Área de Trabalho/Projetos/projeto20-repoprovas/lib/routers/testsRouter.ts": {"path":"/home/alex/Área de Trabalho/Projetos/projeto20-repoprovas/lib/routers/testsRouter.ts","all":false,"statementMap":{"0":{"start":{"line":1,"column":0},"end":{"line":1,"column":33}},"1":{"start":{"line":2,"column":0},"end":{"line":2,"column":61}},"2":{"start":{"line":3,"column":0},"end":{"line":3,"column":77}},"3":{"start":{"line":4,"column":0},"end":{"line":4,"column":61}},"4":{"start":{"line":5,"column":0},"end":{"line":5,"column":49}},"5":{"start":{"line":6,"column":0},"end":{"line":6,"column":0}},"6":{"start":{"line":7,"column":0},"end":{"line":7,"column":24}},"7":{"start":{"line":8,"column":0},"end":{"line":8,"column":0}},"8":{"start":{"line":9,"column":0},"end":{"line":9,"column":17}},"9":{"start":{"line":10,"column":0},"end":{"line":10,"column":28}},"10":{"start":{"line":11,"column":0},"end":{"line":11,"column":33}},"11":{"start":{"line":12,"column":0},"end":{"line":12,"column":31}},"12":{"start":{"line":13,"column":0},"end":{"line":13,"column":2}},"13":{"start":{"line":14,"column":0},"end":{"line":14,"column":0}},"14":{"start":{"line":15,"column":0},"end":{"line":15,"column":36}},"15":{"start":{"line":16,"column":0},"end":{"line":16,"column":28}},"16":{"start":{"line":17,"column":0},"end":{"line":17,"column":36}},"17":{"start":{"line":18,"column":0},"end":{"line":18,"column":2}},"18":{"start":{"line":19,"column":0},"end":{"line":19,"column":0}},"19":{"start":{"line":20,"column":0},"end":{"line":20,"column":33}},"20":{"start":{"line":21,"column":0},"end":{"line":21,"column":28}},"21":{"start":{"line":22,"column":0},"end":{"line":22,"column":34}},"22":{"start":{"line":23,"column":0},"end":{"line":23,"column":2}},"23":{"start":{"line":24,"column":0},"end":{"line":24,"column":0}},"24":{"start":{"line":25,"column":0},"end":{"line":25,"column":22}}},"s":{"0":1,"1":1,"2":1,"3":1,"4":1,"5":1,"6":1,"7":1,"8":1,"9":1,"10":1,"11":1,"12":1,"13":1,"14":1,"15":1,"16":1,"17":1,"18":1,"19":1,"20":1,"21":1,"22":1,"23":1,"24":1},"branchMap":{},"b":{},"fnMap":{},"f":{}}
,"/home/alex/Área de Trabalho/Projetos/projeto20-repoprovas/lib/routers/usersRouter.ts": {"path":"/home/alex/Área de Trabalho/Projetos/projeto20-repoprovas/lib/routers/usersRouter.ts","all":false,"statementMap":{"0":{"start":{"line":1,"column":0},"end":{"line":1,"column":33}},"1":{"start":{"line":2,"column":0},"end":{"line":2,"column":61}},"2":{"start":{"line":3,"column":0},"end":{"line":3,"column":61}},"3":{"start":{"line":4,"column":0},"end":{"line":4,"column":49}},"4":{"start":{"line":5,"column":0},"end":{"line":5,"column":49}},"5":{"start":{"line":6,"column":0},"end":{"line":6,"column":0}},"6":{"start":{"line":7,"column":0},"end":{"line":7,"column":24}},"7":{"start":{"line":8,"column":0},"end":{"line":8,"column":0}},"8":{"start":{"line":9,"column":0},"end":{"line":9,"column":17}},"9":{"start":{"line":10,"column":0},"end":{"line":10,"column":34}},"10":{"start":{"line":11,"column":0},"end":{"line":11,"column":31}},"11":{"start":{"line":12,"column":0},"end":{"line":12,"column":2}},"12":{"start":{"line":13,"column":0},"end":{"line":13,"column":0}},"13":{"start":{"line":14,"column":0},"end":{"line":14,"column":22}},"14":{"start":{"line":15,"column":0},"end":{"line":15,"column":33}},"15":{"start":{"line":16,"column":0},"end":{"line":16,"column":25}},"16":{"start":{"line":17,"column":0},"end":{"line":17,"column":2}},"17":{"start":{"line":18,"column":0},"end":{"line":18,"column":0}},"18":{"start":{"line":19,"column":0},"end":{"line":19,"column":22}}},"s":{"0":1,"1":1,"2":1,"3":1,"4":1,"5":1,"6":1,"7":1,"8":1,"9":1,"10":1,"11":1,"12":1,"13":1,"14":1,"15":1,"16":1,"17":1,"18":1},"branchMap":{},"b":{},"fnMap":{},"f":{}}
,"/home/alex/Área de Trabalho/Projetos/projeto20-repoprovas/lib/schemas/loginSchema.ts": {"path":"/home/alex/Área de Trabalho/Projetos/projeto20-repoprovas/lib/schemas/loginSchema.ts","all":false,"statementMap":{"0":{"start":{"line":1,"column":0},"end":{"line":1,"column":22}},"1":{"start":{"line":2,"column":0},"end":{"line":2,"column":0}},"2":{"start":{"line":3,"column":0},"end":{"line":3,"column":32}},"3":{"start":{"line":4,"column":0},"end":{"line":4,"column":40}},"4":{"start":{"line":5,"column":0},"end":{"line":5,"column":34}},"5":{"start":{"line":6,"column":0},"end":{"line":6,"column":3}},"6":{"start":{"line":7,"column":0},"end":{"line":7,"column":0}},"7":{"start":{"line":8,"column":0},"end":{"line":8,"column":27}}},"s":{"0":1,"1":1,"2":1,"3":1,"4":1,"5":1,"6":1,"7":1},"branchMap":{},"b":{},"fnMap":{},"f":{}}
,"/home/alex/Área de Trabalho/Projetos/projeto20-repoprovas/lib/schemas/testsSchema.ts": {"path":"/home/alex/Área de Trabalho/Projetos/projeto20-repoprovas/lib/schemas/testsSchema.ts","all":false,"statementMap":{"0":{"start":{"line":1,"column":0},"end":{"line":1,"column":22}},"1":{"start":{"line":2,"column":0},"end":{"line":2,"column":0}},"2":{"start":{"line":3,"column":0},"end":{"line":3,"column":32}},"3":{"start":{"line":4,"column":0},"end":{"line":4,"column":31}},"4":{"start":{"line":5,"column":0},"end":{"line":5,"column":39}},"5":{"start":{"line":6,"column":0},"end":{"line":6,"column":37}},"6":{"start":{"line":7,"column":0},"end":{"line":7,"column":45}},"7":{"start":{"line":8,"column":0},"end":{"line":8,"column":3}},"8":{"start":{"line":9,"column":0},"end":{"line":9,"column":0}},"9":{"start":{"line":10,"column":0},"end":{"line":10,"column":27}}},"s":{"0":1,"1":1,"2":1,"3":1,"4":1,"5":1,"6":1,"7":1,"8":1,"9":1},"branchMap":{},"b":{},"fnMap":{},"f":{}}
,"/home/alex/Área de Trabalho/Projetos/projeto20-repoprovas/lib/schemas/usersSchema.ts": {"path":"/home/alex/Área de Trabalho/Projetos/projeto20-repoprovas/lib/schemas/usersSchema.ts","all":false,"statementMap":{"0":{"start":{"line":1,"column":0},"end":{"line":1,"column":22}},"1":{"start":{"line":2,"column":0},"end":{"line":2,"column":0}},"2":{"start":{"line":3,"column":0},"end":{"line":3,"column":32}},"3":{"start":{"line":4,"column":0},"end":{"line":4,"column":40}},"4":{"start":{"line":5,"column":0},"end":{"line":5,"column":35}},"5":{"start":{"line":6,"column":0},"end":{"line":6,"column":68}},"6":{"start":{"line":7,"column":0},"end":{"line":7,"column":3}},"7":{"start":{"line":8,"column":0},"end":{"line":8,"column":0}},"8":{"start":{"line":9,"column":0},"end":{"line":9,"column":27}}},"s":{"0":1,"1":1,"2":1,"3":1,"4":1,"5":1,"6":1,"7":1,"8":1},"branchMap":{},"b":{},"fnMap":{},"f":{}}
,"/home/alex/Área de Trabalho/Projetos/projeto20-repoprovas/lib/services/testsService.ts": {"path":"/home/alex/Área de Trabalho/Projetos/projeto20-repoprovas/lib/services/testsService.ts","all":false,"statementMap":{"0":{"start":{"line":1,"column":0},"end":{"line":1,"column":72}},"1":{"start":{"line":2,"column":0},"end":{"line":2,"column":90}},"2":{"start":{"line":3,"column":0},"end":{"line":3,"column":62}},"3":{"start":{"line":4,"column":0},"end":{"line":4,"column":52}},"4":{"start":{"line":5,"column":0},"end":{"line":5,"column":49}},"5":{"start":{"line":6,"column":0},"end":{"line":6,"column":0}},"6":{"start":{"line":7,"column":0},"end":{"line":7,"column":54}},"7":{"start":{"line":8,"column":0},"end":{"line":8,"column":4}},"8":{"start":{"line":9,"column":0},"end":{"line":9,"column":78}},"9":{"start":{"line":10,"column":0},"end":{"line":10,"column":72}},"10":{"start":{"line":11,"column":0},"end":{"line":11,"column":0}},"11":{"start":{"line":12,"column":0},"end":{"line":12,"column":105}},"12":{"start":{"line":13,"column":0},"end":{"line":13,"column":90}},"13":{"start":{"line":14,"column":0},"end":{"line":14,"column":0}},"14":{"start":{"line":15,"column":0},"end":{"line":15,"column":44}},"15":{"start":{"line":16,"column":0},"end":{"line":16,"column":0}},"16":{"start":{"line":17,"column":0},"end":{"line":17,"column":1}},"17":{"start":{"line":18,"column":0},"end":{"line":18,"column":0}},"18":{"start":{"line":19,"column":0},"end":{"line":19,"column":59}},"19":{"start":{"line":20,"column":0},"end":{"line":20,"column":0}},"20":{"start":{"line":21,"column":0},"end":{"line":21,"column":35}},"21":{"start":{"line":22,"column":0},"end":{"line":22,"column":0}},"22":{"start":{"line":23,"column":0},"end":{"line":23,"column":29}},"23":{"start":{"line":24,"column":0},"end":{"line":24,"column":0}},"24":{"start":{"line":25,"column":0},"end":{"line":25,"column":71}},"25":{"start":{"line":26,"column":0},"end":{"line":26,"column":0}},"26":{"start":{"line":27,"column":0},"end":{"line":27,"column":60}},"27":{"start":{"line":28,"column":0},"end":{"line":28,"column":60}},"28":{"start":{"line":29,"column":0},"end":{"line":29,"column":45}},"29":{"start":{"line":30,"column":0},"end":{"line":30,"column":40}},"30":{"start":{"line":31,"column":0},"end":{"line":31,"column":48}},"31":{"start":{"line":32,"column":0},"end":{"line":32,"column":62}},"32":{"start":{"line":33,"column":0},"end":{"line":33,"column":0}},"33":{"start":{"line":34,"column":0},"end":{"line":34,"column":37}},"34":{"start":{"line":35,"column":0},"end":{"line":35,"column":0}},"35":{"start":{"line":36,"column":0},"end":{"line":36,"column":76}},"36":{"start":{"line":37,"column":0},"end":{"line":37,"column":108}},"37":{"start":{"line":38,"column":0},"end":{"line":38,"column":0}},"38":{"start":{"line":39,"column":0},"end":{"line":39,"column":136}},"39":{"start":{"line":40,"column":0},"end":{"line":40,"column":0}},"40":{"start":{"line":41,"column":0},"end":{"line":41,"column":75}},"41":{"start":{"line":42,"column":0},"end":{"line":42,"column":21}},"42":{"start":{"line":43,"column":0},"end":{"line":43,"column":28}},"43":{"start":{"line":44,"column":0},"end":{"line":44,"column":23}},"44":{"start":{"line":45,"column":0},"end":{"line":45,"column":27}},"45":{"start":{"line":46,"column":0},"end":{"line":46,"column":15}},"46":{"start":{"line":47,"column":0},"end":{"line":47,"column":0}},"47":{"start":{"line":48,"column":0},"end":{"line":48,"column":41}},"48":{"start":{"line":49,"column":0},"end":{"line":49,"column":0}},"49":{"start":{"line":50,"column":0},"end":{"line":50,"column":78}},"50":{"start":{"line":51,"column":0},"end":{"line":51,"column":106}},"51":{"start":{"line":52,"column":0},"end":{"line":52,"column":0}},"52":{"start":{"line":53,"column":0},"end":{"line":53,"column":60}},"53":{"start":{"line":54,"column":0},"end":{"line":54,"column":21}},"54":{"start":{"line":55,"column":0},"end":{"line":55,"column":31}},"55":{"start":{"line":56,"column":0},"end":{"line":56,"column":23}},"56":{"start":{"line":57,"column":0},"end":{"line":57,"column":27}},"57":{"start":{"line":58,"column":0},"end":{"line":58,"column":15}},"58":{"start":{"line":59,"column":0},"end":{"line":59,"column":0}},"59":{"start":{"line":60,"column":0},"end":{"line":60,"column":9}},"60":{"start":{"line":61,"column":0},"end":{"line":61,"column":0}},"61":{"start":{"line":62,"column":0},"end":{"line":62,"column":5}},"62":{"start":{"line":63,"column":0},"end":{"line":63,"column":0}},"63":{"start":{"line":64,"column":0},"end":{"line":64,"column":26}},"64":{"start":{"line":65,"column":0},"end":{"line":65,"column":0}},"65":{"start":{"line":66,"column":0},"end":{"line":66,"column":1}},"66":{"start":{"line":67,"column":0},"end":{"line":67,"column":0}},"67":{"start":{"line":68,"column":0},"end":{"line":68,"column":34}},"68":{"start":{"line":69,"column":0},"end":{"line":69,"column":0}},"69":{"start":{"line":70,"column":0},"end":{"line":70,"column":47}},"70":{"start":{"line":71,"column":0},"end":{"line":71,"column":30}},"71":{"start":{"line":72,"column":0},"end":{"line":72,"column":0}},"72":{"start":{"line":73,"column":0},"end":{"line":73,"column":1}},"73":{"start":{"line":74,"column":0},"end":{"line":74,"column":0}},"74":{"start":{"line":75,"column":0},"end":{"line":75,"column":32}},"75":{"start":{"line":76,"column":0},"end":{"line":76,"column":0}},"76":{"start":{"line":77,"column":0},"end":{"line":77,"column":47}},"77":{"start":{"line":78,"column":0},"end":{"line":78,"column":41}},"78":{"start":{"line":79,"column":0},"end":{"line":79,"column":0}},"79":{"start":{"line":80,"column":0},"end":{"line":80,"column":1}},"80":{"start":{"line":81,"column":0},"end":{"line":81,"column":0}},"81":{"start":{"line":82,"column":0},"end":{"line":82,"column":16}},"82":{"start":{"line":83,"column":0},"end":{"line":83,"column":16}},"83":{"start":{"line":84,"column":0},"end":{"line":84,"column":21}},"84":{"start":{"line":85,"column":0},"end":{"line":85,"column":18}},"85":{"start":{"line":86,"column":0},"end":{"line":86,"column":1}}},"s":{"0":1,"1":1,"2":1,"3":1,"4":1,"5":1,"6":3,"7":3,"8":3,"9":3,"10":2,"11":2,"12":3,"13":1,"14":1,"15":1,"16":1,"17":1,"18":2,"19":2,"20":2,"21":2,"22":2,"23":2,"24":2,"25":2,"26":2,"27":2,"28":2,"29":2,"30":2,"31":2,"32":2,"33":2,"34":1,"35":1,"36":1,"37":1,"38":1,"39":1,"40":1,"41":1,"42":1,"43":1,"44":1,"45":1,"46":1,"47":1,"48":1,"49":1,"50":1,"51":1,"52":1,"53":1,"54":1,"55":1,"56":1,"57":1,"58":1,"59":1,"60":2,"61":2,"62":2,"63":2,"64":2,"65":2,"66":1,"67":1,"68":1,"69":1,"70":1,"71":1,"72":1,"73":1,"74":1,"75":1,"76":1,"77":1,"78":1,"79":1,"80":1,"81":1,"82":1,"83":1,"84":1,"85":1},"branchMap":{"0":{"type":"branch","line":7,"loc":{"start":{"line":7,"column":0},"end":{"line":17,"column":1}},"locations":[{"start":{"line":7,"column":0},"end":{"line":17,"column":1}}]},"1":{"type":"branch","line":10,"loc":{"start":{"line":10,"column":18},"end":{"line":10,"column":72}},"locations":[{"start":{"line":10,"column":18},"end":{"line":10,"column":72}}]},"2":{"type":"branch","line":11,"loc":{"start":{"line":11,"column":-1},"end":{"line":13,"column":33}},"locations":[{"start":{"line":11,"column":-1},"end":{"line":13,"column":33}}]},"3":{"type":"branch","line":13,"loc":{"start":{"line":13,"column":27},"end":{"line":17,"column":1}},"locations":[{"start":{"line":13,"column":27},"end":{"line":17,"column":1}}]},"4":{"type":"branch","line":19,"loc":{"start":{"line":19,"column":0},"end":{"line":66,"column":1}},"locations":[{"start":{"line":19,"column":0},"end":{"line":66,"column":1}}]},"5":{"type":"branch","line":34,"loc":{"start":{"line":34,"column":36},"end":{"line":60,"column":9}},"locations":[{"start":{"line":34,"column":36},"end":{"line":60,"column":9}}]},"6":{"type":"branch","line":68,"loc":{"start":{"line":68,"column":0},"end":{"line":73,"column":1}},"locations":[{"start":{"line":68,"column":0},"end":{"line":73,"column":1}}]},"7":{"type":"branch","line":75,"loc":{"start":{"line":75,"column":0},"end":{"line":80,"column":1}},"locations":[{"start":{"line":75,"column":0},"end":{"line":80,"column":1}}]}},"b":{"0":[3],"1":[1],"2":[2],"3":[1],"4":[2],"5":[1],"6":[1],"7":[1]},"fnMap":{"0":{"name":"createTests","decl":{"start":{"line":7,"column":0},"end":{"line":17,"column":1}},"loc":{"start":{"line":7,"column":0},"end":{"line":17,"column":1}},"line":7},"1":{"name":"formatTests","decl":{"start":{"line":19,"column":0},"end":{"line":66,"column":1}},"loc":{"start":{"line":19,"column":0},"end":{"line":66,"column":1}},"line":19},"2":{"name":"listByDiscipline","decl":{"start":{"line":68,"column":0},"end":{"line":73,"column":1}},"loc":{"start":{"line":68,"column":0},"end":{"line":73,"column":1}},"line":68},"3":{"name":"listByTeachers","decl":{"start":{"line":75,"column":0},"end":{"line":80,"column":1}},"loc":{"start":{"line":75,"column":0},"end":{"line":80,"column":1}},"line":75}},"f":{"0":3,"1":2,"2":1,"3":1}}
,"/home/alex/Área de Trabalho/Projetos/projeto20-repoprovas/lib/services/usersService.ts": {"path":"/home/alex/Área de Trabalho/Projetos/projeto20-repoprovas/lib/services/usersService.ts","all":false,"statementMap":{"0":{"start":{"line":1,"column":0},"end":{"line":1,"column":62}},"1":{"start":{"line":2,"column":0},"end":{"line":2,"column":52}},"2":{"start":{"line":3,"column":0},"end":{"line":3,"column":49}},"3":{"start":{"line":4,"column":0},"end":{"line":4,"column":28}},"4":{"start":{"line":5,"column":0},"end":{"line":5,"column":31}},"5":{"start":{"line":6,"column":0},"end":{"line":6,"column":28}},"6":{"start":{"line":7,"column":0},"end":{"line":7,"column":0}},"7":{"start":{"line":8,"column":0},"end":{"line":8,"column":16}},"8":{"start":{"line":9,"column":0},"end":{"line":9,"column":54}},"9":{"start":{"line":10,"column":0},"end":{"line":10,"column":0}},"10":{"start":{"line":11,"column":0},"end":{"line":11,"column":53}},"11":{"start":{"line":12,"column":0},"end":{"line":12,"column":4}},"12":{"start":{"line":13,"column":0},"end":{"line":13,"column":67}},"13":{"start":{"line":14,"column":0},"end":{"line":14,"column":68}},"14":{"start":{"line":15,"column":0},"end":{"line":15,"column":0}},"15":{"start":{"line":16,"column":0},"end":{"line":16,"column":65}},"16":{"start":{"line":17,"column":0},"end":{"line":17,"column":43}},"17":{"start":{"line":18,"column":0},"end":{"line":18,"column":0}},"18":{"start":{"line":19,"column":0},"end":{"line":19,"column":1}},"19":{"start":{"line":20,"column":0},"end":{"line":20,"column":0}},"20":{"start":{"line":21,"column":0},"end":{"line":21,"column":22}},"21":{"start":{"line":22,"column":0},"end":{"line":22,"column":0}},"22":{"start":{"line":23,"column":0},"end":{"line":23,"column":33}},"23":{"start":{"line":24,"column":0},"end":{"line":24,"column":0}},"24":{"start":{"line":25,"column":0},"end":{"line":25,"column":1}},"25":{"start":{"line":26,"column":0},"end":{"line":26,"column":0}},"26":{"start":{"line":27,"column":0},"end":{"line":27,"column":54}},"27":{"start":{"line":28,"column":0},"end":{"line":28,"column":0}},"28":{"start":{"line":29,"column":0},"end":{"line":29,"column":58}},"29":{"start":{"line":30,"column":0},"end":{"line":30,"column":72}},"30":{"start":{"line":31,"column":0},"end":{"line":31,"column":0}},"31":{"start":{"line":32,"column":0},"end":{"line":32,"column":72}},"32":{"start":{"line":33,"column":0},"end":{"line":33,"column":81}},"33":{"start":{"line":34,"column":0},"end":{"line":34,"column":0}},"34":{"start":{"line":35,"column":0},"end":{"line":35,"column":77}},"35":{"start":{"line":36,"column":0},"end":{"line":36,"column":17}},"36":{"start":{"line":37,"column":0},"end":{"line":37,"column":0}},"37":{"start":{"line":38,"column":0},"end":{"line":38,"column":1}},"38":{"start":{"line":39,"column":0},"end":{"line":39,"column":0}},"39":{"start":{"line":40,"column":0},"end":{"line":40,"column":16}},"40":{"start":{"line":41,"column":0},"end":{"line":41,"column":16}},"41":{"start":{"line":42,"column":0},"end":{"line":42,"column":10}},"42":{"start":{"line":43,"column":0},"end":{"line":43,"column":8}},"43":{"start":{"line":44,"column":0},"end":{"line":44,"column":1}}},"s":{"0":1,"1":1,"2":1,"3":1,"4":1,"5":1,"6":1,"7":1,"8":1,"9":1,"10":10,"11":10,"12":10,"13":10,"14":9,"15":9,"16":9,"17":9,"18":9,"19":1,"20":0,"21":0,"22":0,"23":0,"24":0,"25":1,"26":10,"27":10,"28":10,"29":10,"30":10,"31":10,"32":10,"33":9,"34":9,"35":9,"36":9,"37":9,"38":1,"39":1,"40":1,"41":1,"42":1,"43":1},"branchMap":{"0":{"type":"branch","line":9,"loc":{"start":{"line":9,"column":41},"end":{"line":9,"column":53}},"locations":[{"start":{"line":9,"column":41},"end":{"line":9,"column":53}}]},"1":{"type":"branch","line":11,"loc":{"start":{"line":11,"column":0},"end":{"line":19,"column":1}},"locations":[{"start":{"line":11,"column":0},"end":{"line":19,"column":1}}]},"2":{"type":"branch","line":14,"loc":{"start":{"line":14,"column":13},"end":{"line":19,"column":1}},"locations":[{"start":{"line":14,"column":13},"end":{"line":19,"column":1}}]},"3":{"type":"branch","line":14,"loc":{"start":{"line":14,"column":13},"end":{"line":14,"column":68}},"locations":[{"start":{"line":14,"column":13},"end":{"line":14,"column":68}}]},"4":{"type":"branch","line":27,"loc":{"start":{"line":27,"column":0},"end":{"line":38,"column":1}},"locations":[{"start":{"line":27,"column":0},"end":{"line":38,"column":1}}]},"5":{"type":"branch","line":30,"loc":{"start":{"line":30,"column":14},"end":{"line":30,"column":72}},"locations":[{"start":{"line":30,"column":14},"end":{"line":30,"column":72}}]},"6":{"type":"branch","line":33,"loc":{"start":{"line":33,"column":23},"end":{"line":38,"column":1}},"locations":[{"start":{"line":33,"column":23},"end":{"line":38,"column":1}}]},"7":{"type":"branch","line":33,"loc":{"start":{"line":33,"column":23},"end":{"line":33,"column":81}},"locations":[{"start":{"line":33,"column":23},"end":{"line":33,"column":81}}]}},"b":{"0":[0],"1":[10],"2":[9],"3":[1],"4":[10],"5":[0],"6":[9],"7":[1]},"fnMap":{"0":{"name":"createUsers","decl":{"start":{"line":11,"column":0},"end":{"line":19,"column":1}},"loc":{"start":{"line":11,"column":0},"end":{"line":19,"column":1}},"line":11},"1":{"name":"list","decl":{"start":{"line":21,"column":0},"end":{"line":25,"column":1}},"loc":{"start":{"line":21,"column":0},"end":{"line":25,"column":1}},"line":21},"2":{"name":"login","decl":{"start":{"line":27,"column":0},"end":{"line":38,"column":1}},"loc":{"start":{"line":27,"column":0},"end":{"line":38,"column":1}},"line":27}},"f":{"0":10,"1":0,"2":10}}
,"/home/alex/Área de Trabalho/Projetos/projeto20-repoprovas/lib/utils/errorFactory.ts": {"path":"/home/alex/Área de Trabalho/Projetos/projeto20-repoprovas/lib/utils/errorFactory.ts","all":false,"statementMap":{"0":{"start":{"line":1,"column":0},"end":{"line":1,"column":62}},"1":{"start":{"line":2,"column":0},"end":{"line":2,"column":0}},"2":{"start":{"line":3,"column":0},"end":{"line":3,"column":12}},"3":{"start":{"line":4,"column":0},"end":{"line":4,"column":13}},"4":{"start":{"line":5,"column":0},"end":{"line":5,"column":15}},"5":{"start":{"line":6,"column":0},"end":{"line":6,"column":5}},"6":{"start":{"line":7,"column":0},"end":{"line":7,"column":0}},"7":{"start":{"line":8,"column":0},"end":{"line":8,"column":2}},"8":{"start":{"line":9,"column":0},"end":{"line":9,"column":4}},"9":{"start":{"line":10,"column":0},"end":{"line":10,"column":28}}},"s":{"0":4,"1":4,"2":4,"3":4,"4":4,"5":4,"6":4,"7":4,"8":1,"9":1},"branchMap":{"0":{"type":"branch","line":1,"loc":{"start":{"line":1,"column":0},"end":{"line":8,"column":2}},"locations":[{"start":{"line":1,"column":0},"end":{"line":8,"column":2}}]}},"b":{"0":[4]},"fnMap":{"0":{"name":"errorFactory","decl":{"start":{"line":1,"column":0},"end":{"line":8,"column":2}},"loc":{"start":{"line":1,"column":0},"end":{"line":8,"column":2}},"line":1}},"f":{"0":4}}
,"/home/alex/Área de Trabalho/Projetos/projeto20-repoprovas/lib/utils/formatJoiErrors.ts": {"path":"/home/alex/Área de Trabalho/Projetos/projeto20-repoprovas/lib/utils/formatJoiErrors.ts","all":false,"statementMap":{"0":{"start":{"line":1,"column":0},"end":{"line":1,"column":38}},"1":{"start":{"line":2,"column":0},"end":{"line":2,"column":0}},"2":{"start":{"line":3,"column":0},"end":{"line":3,"column":48}},"3":{"start":{"line":4,"column":0},"end":{"line":4,"column":0}},"4":{"start":{"line":5,"column":0},"end":{"line":5,"column":82}},"5":{"start":{"line":6,"column":0},"end":{"line":6,"column":18}},"6":{"start":{"line":7,"column":0},"end":{"line":7,"column":4}},"7":{"start":{"line":8,"column":0},"end":{"line":8,"column":2}}},"s":{"0":1,"1":1,"2":4,"3":4,"4":4,"5":4,"6":4,"7":4},"branchMap":{"0":{"type":"branch","line":3,"loc":{"start":{"line":3,"column":0},"end":{"line":8,"column":2}},"locations":[{"start":{"line":3,"column":0},"end":{"line":8,"column":2}}]},"1":{"type":"branch","line":5,"loc":{"start":{"line":5,"column":37},"end":{"line":5,"column":80}},"locations":[{"start":{"line":5,"column":37},"end":{"line":5,"column":80}}]}},"b":{"0":[4],"1":[4]},"fnMap":{"0":{"name":"default_1","decl":{"start":{"line":3,"column":0},"end":{"line":8,"column":2}},"loc":{"start":{"line":3,"column":0},"end":{"line":8,"column":2}},"line":3}},"f":{"0":4}}
,"/home/alex/Área de Trabalho/Projetos/projeto20-repoprovas/tests/factories/testFactory.ts": {"path":"/home/alex/Área de Trabalho/Projetos/projeto20-repoprovas/tests/factories/testFactory.ts","all":false,"statementMap":{"0":{"start":{"line":1,"column":0},"end":{"line":1,"column":40}},"1":{"start":{"line":2,"column":0},"end":{"line":2,"column":0}},"2":{"start":{"line":3,"column":0},"end":{"line":3,"column":94}},"3":{"start":{"line":4,"column":0},"end":{"line":4,"column":0}},"4":{"start":{"line":5,"column":0},"end":{"line":5,"column":12}},"5":{"start":{"line":6,"column":0},"end":{"line":6,"column":35}},"6":{"start":{"line":7,"column":0},"end":{"line":7,"column":37}},"7":{"start":{"line":8,"column":0},"end":{"line":8,"column":65}},"8":{"start":{"line":9,"column":0},"end":{"line":9,"column":82}},"9":{"start":{"line":10,"column":0},"end":{"line":10,"column":5}},"10":{"start":{"line":11,"column":0},"end":{"line":11,"column":0}},"11":{"start":{"line":12,"column":0},"end":{"line":12,"column":2}}},"s":{"0":1,"1":1,"2":1,"3":1,"4":1,"5":1,"6":1,"7":1,"8":1,"9":1,"10":1,"11":1},"branchMap":{"0":{"type":"branch","line":3,"loc":{"start":{"line":3,"column":0},"end":{"line":12,"column":2}},"locations":[{"start":{"line":3,"column":0},"end":{"line":12,"column":2}}]},"1":{"type":"branch","line":8,"loc":{"start":{"line":8,"column":35},"end":{"line":8,"column":60}},"locations":[{"start":{"line":8,"column":35},"end":{"line":8,"column":60}}]},"2":{"type":"branch","line":9,"loc":{"start":{"line":9,"column":53},"end":{"line":9,"column":78}},"locations":[{"start":{"line":9,"column":53},"end":{"line":9,"column":78}}]}},"b":{"0":[1],"1":[0],"2":[0]},"fnMap":{"0":{"name":"testFactory","decl":{"start":{"line":3,"column":0},"end":{"line":12,"column":2}},"loc":{"start":{"line":3,"column":0},"end":{"line":12,"column":2}},"line":3}},"f":{"0":1}}
,"/home/alex/Área de Trabalho/Projetos/projeto20-repoprovas/tests/factories/userFactory.ts": {"path":"/home/alex/Área de Trabalho/Projetos/projeto20-repoprovas/tests/factories/userFactory.ts","all":false,"statementMap":{"0":{"start":{"line":1,"column":0},"end":{"line":1,"column":40}},"1":{"start":{"line":2,"column":0},"end":{"line":2,"column":0}},"2":{"start":{"line":3,"column":0},"end":{"line":3,"column":57}},"3":{"start":{"line":4,"column":0},"end":{"line":4,"column":0}},"4":{"start":{"line":5,"column":0},"end":{"line":5,"column":47}},"5":{"start":{"line":6,"column":0},"end":{"line":6,"column":0}},"6":{"start":{"line":7,"column":0},"end":{"line":7,"column":12}},"7":{"start":{"line":8,"column":0},"end":{"line":8,"column":38}},"8":{"start":{"line":9,"column":0},"end":{"line":9,"column":17}},"9":{"start":{"line":10,"column":0},"end":{"line":10,"column":76}},"10":{"start":{"line":11,"column":0},"end":{"line":11,"column":5}},"11":{"start":{"line":12,"column":0},"end":{"line":12,"column":0}},"12":{"start":{"line":13,"column":0},"end":{"line":13,"column":2}}},"s":{"0":1,"1":1,"2":9,"3":9,"4":9,"5":9,"6":9,"7":9,"8":9,"9":9,"10":9,"11":9,"12":9},"branchMap":{"0":{"type":"branch","line":3,"loc":{"start":{"line":3,"column":0},"end":{"line":13,"column":2}},"locations":[{"start":{"line":3,"column":0},"end":{"line":13,"column":2}}]},"1":{"type":"branch","line":10,"loc":{"start":{"line":10,"column":49},"end":{"line":10,"column":76}},"locations":[{"start":{"line":10,"column":49},"end":{"line":10,"column":76}}]}},"b":{"0":[9],"1":[0]},"fnMap":{"0":{"name":"userFactory","decl":{"start":{"line":3,"column":0},"end":{"line":13,"column":2}},"loc":{"start":{"line":3,"column":0},"end":{"line":13,"column":2}},"line":3}},"f":{"0":9}}
}
