TN:
SF:app.ts
FNF:0
FNH:0
DA:1,1
DA:2,1
DA:3,1
DA:4,1
DA:5,1
DA:6,1
DA:7,1
DA:8,1
DA:9,1
DA:10,1
DA:11,1
DA:12,1
DA:13,1
DA:14,1
DA:15,1
DA:16,1
DA:17,1
LF:17
LH:17
BRF:0
BRH:0
end_of_record
TN:
SF:lib/controllers/testsController.ts
FN:4,createTests
FN:12,listByDiscipline
FN:19,listByTeachers
FNF:3
FNH:3
FNDA:3,createTests
FNDA:1,listByDiscipline
FNDA:1,listByTeachers
DA:1,1
DA:2,1
DA:3,1
DA:4,3
DA:5,3
DA:6,3
DA:7,3
DA:8,1
DA:9,1
DA:10,1
DA:11,1
DA:12,1
DA:13,1
DA:14,1
DA:15,1
DA:16,1
DA:17,1
DA:18,1
DA:19,1
DA:20,1
DA:21,1
DA:22,1
DA:23,1
DA:24,1
DA:25,1
DA:26,1
DA:27,1
DA:28,1
DA:29,1
DA:30,1
LF:30
LH:30
BRDA:4,0,0,3
BRDA:8,1,0,1
BRDA:12,2,0,1
BRDA:19,3,0,1
BRF:4
BRH:4
end_of_record
TN:
SF:lib/controllers/usersController.ts
FN:4,createUsers
FN:13,list
FN:20,login
FNF:3
FNH:2
FNDA:10,createUsers
FNDA:0,list
FNDA:10,login
DA:1,1
DA:2,1
DA:3,1
DA:4,10
DA:5,10
DA:6,10
DA:7,10
DA:8,10
DA:9,9
DA:10,9
DA:11,9
DA:12,1
DA:13,0
DA:14,0
DA:15,0
DA:16,0
DA:17,0
DA:18,0
DA:19,1
DA:20,10
DA:21,10
DA:22,10
DA:23,10
DA:24,9
DA:25,9
DA:26,9
DA:27,1
DA:28,1
DA:29,1
DA:30,1
DA:31,1
DA:32,1
LF:32
LH:26
BRDA:4,0,0,10
BRDA:9,1,0,9
BRDA:20,2,0,10
BRDA:24,3,0,9
BRF:4
BRH:4
end_of_record
TN:
SF:lib/databases/prisma.ts
FNF:0
FNH:0
DA:1,1
DA:2,1
DA:3,1
LF:3
LH:3
BRF:0
BRH:0
end_of_record
TN:
SF:lib/middlewares/authenticationValidator.ts
FN:8,getToken
FN:18,authenticationValidator
FNF:2
FNH:2
FNDA:8,getToken
FNDA:8,authenticationValidator
DA:1,1
DA:2,1
DA:3,1
DA:4,1
DA:5,1
DA:6,1
DA:7,1
DA:8,8
DA:9,8
DA:10,8
DA:11,8
DA:12,8
DA:13,8
DA:14,0
DA:15,0
DA:16,0
DA:17,1
DA:18,8
DA:19,8
DA:20,8
DA:21,8
DA:22,8
DA:23,8
DA:24,8
DA:25,8
DA:26,8
DA:27,8
DA:28,8
DA:29,8
DA:30,8
DA:31,1
DA:32,1
DA:33,1
DA:34,8
DA:35,8
LF:35
LH:32
BRDA:6,0,0,0
BRDA:8,1,0,8
BRDA:14,2,0,0
BRDA:18,3,0,8
BRDA:21,4,0,0
BRDA:30,5,0,1
BRF:6
BRH:3
end_of_record
TN:
SF:lib/middlewares/errorHandler.ts
FN:3,errorHandler
FNF:1
FNH:1
FNDA:4,errorHandler
DA:1,1
DA:2,1
DA:3,4
DA:4,4
DA:5,4
DA:6,4
DA:7,4
DA:8,2
DA:9,1
DA:10,0
DA:11,0
DA:12,0
DA:13,0
DA:14,1
DA:15,1
LF:15
LH:11
BRDA:3,0,0,4
BRDA:7,1,0,2
BRDA:8,2,0,1
BRDA:10,3,0,0
BRF:4
BRH:3
end_of_record
TN:
SF:lib/middlewares/schemaValidator.ts
FN:5,validateSchemaMiddleware
FNF:1
FNH:1
FNDA:6,validateSchemaMiddleware
DA:1,1
DA:2,1
DA:3,1
DA:4,1
DA:5,6
DA:6,6
DA:7,27
DA:8,27
DA:9,27
DA:10,23
DA:11,23
DA:12,23
DA:13,6
LF:13
LH:13
BRDA:5,0,0,6
BRDA:6,1,0,27
BRDA:9,2,0,4
BRDA:10,3,0,23
BRF:4
BRH:4
end_of_record
TN:
SF:lib/repositories/categoriesRepository.ts
FN:3,getById
FNF:1
FNH:1
FNDA:3,getById
DA:1,1
DA:2,1
DA:3,3
DA:4,3
DA:5,3
DA:6,3
DA:7,3
DA:8,3
DA:9,3
DA:10,3
DA:11,3
DA:12,1
DA:13,1
DA:14,1
DA:15,1
LF:15
LH:15
BRDA:3,0,0,3
BRF:1
BRH:1
end_of_record
TN:
SF:lib/repositories/teachersDisciplinesRepository.ts
FN:3,getById
FNF:1
FNH:1
FNDA:2,getById
DA:1,1
DA:2,1
DA:3,2
DA:4,2
DA:5,2
DA:6,2
DA:7,2
DA:8,2
DA:9,2
DA:10,2
DA:11,2
DA:12,1
DA:13,1
DA:14,1
DA:15,1
LF:15
LH:15
BRDA:3,0,0,2
BRF:1
BRH:1
end_of_record
TN:
SF:lib/repositories/testsRepository.ts
FN:8,create
FN:18,list
FNF:2
FNH:2
FNDA:1,create
FNDA:2,list
DA:1,1
DA:2,1
DA:3,1
DA:4,1
DA:5,1
DA:6,1
DA:7,1
DA:8,1
DA:9,1
DA:10,1
DA:11,1
DA:12,1
DA:13,1
DA:14,1
DA:15,1
DA:16,1
DA:17,1
DA:18,1
DA:19,2
DA:20,2
DA:21,2
DA:22,2
DA:23,2
DA:24,2
DA:25,2
DA:26,2
DA:27,2
DA:28,2
DA:29,2
DA:30,2
DA:31,2
DA:32,2
DA:33,2
DA:34,2
DA:35,2
DA:36,2
DA:37,2
DA:38,2
DA:39,1
DA:40,1
DA:41,1
DA:42,1
DA:43,1
LF:43
LH:43
BRDA:8,0,0,1
BRDA:18,1,0,2
BRF:2
BRH:2
end_of_record
TN:
SF:lib/repositories/usersRepository.ts
FN:8,create
FN:14,findByEmail
FN:29,list
FNF:3
FNH:2
FNDA:9,create
FNDA:21,findByEmail
FNDA:0,list
DA:1,1
DA:2,1
DA:3,1
DA:4,1
DA:5,1
DA:6,1
DA:7,1
DA:8,9
DA:9,9
DA:10,9
DA:11,9
DA:12,9
DA:13,1
DA:14,21
DA:15,21
DA:16,21
DA:17,21
DA:18,21
DA:19,21
DA:20,21
DA:21,21
DA:22,21
DA:23,21
DA:24,1
DA:25,1
DA:26,1
DA:27,1
DA:28,1
DA:29,0
DA:30,0
DA:31,0
DA:32,0
DA:33,0
DA:34,1
DA:35,1
DA:36,1
DA:37,1
DA:38,1
DA:39,1
LF:39
LH:34
BRDA:8,0,0,9
BRDA:14,1,0,21
BRF:2
BRH:2
end_of_record
TN:
SF:lib/routers/testsRouter.ts
FNF:0
FNH:0
DA:1,1
DA:2,1
DA:3,1
DA:4,1
DA:5,1
DA:6,1
DA:7,1
DA:8,1
DA:9,1
DA:10,1
DA:11,1
DA:12,1
DA:13,1
DA:14,1
DA:15,1
DA:16,1
DA:17,1
DA:18,1
DA:19,1
DA:20,1
DA:21,1
DA:22,1
DA:23,1
DA:24,1
DA:25,1
LF:25
LH:25
BRF:0
BRH:0
end_of_record
TN:
SF:lib/routers/usersRouter.ts
FNF:0
FNH:0
DA:1,1
DA:2,1
DA:3,1
DA:4,1
DA:5,1
DA:6,1
DA:7,1
DA:8,1
DA:9,1
DA:10,1
DA:11,1
DA:12,1
DA:13,1
DA:14,1
DA:15,1
DA:16,1
DA:17,1
DA:18,1
DA:19,1
LF:19
LH:19
BRF:0
BRH:0
end_of_record
TN:
SF:lib/schemas/loginSchema.ts
FNF:0
FNH:0
DA:1,1
DA:2,1
DA:3,1
DA:4,1
DA:5,1
DA:6,1
DA:7,1
DA:8,1
LF:8
LH:8
BRF:0
BRH:0
end_of_record
TN:
SF:lib/schemas/testsSchema.ts
FNF:0
FNH:0
DA:1,1
DA:2,1
DA:3,1
DA:4,1
DA:5,1
DA:6,1
DA:7,1
DA:8,1
DA:9,1
DA:10,1
LF:10
LH:10
BRF:0
BRH:0
end_of_record
TN:
SF:lib/schemas/usersSchema.ts
FNF:0
FNH:0
DA:1,1
DA:2,1
DA:3,1
DA:4,1
DA:5,1
DA:6,1
DA:7,1
DA:8,1
DA:9,1
LF:9
LH:9
BRF:0
BRH:0
end_of_record
TN:
SF:lib/services/testsService.ts
FN:7,createTests
FN:19,formatTests
FN:68,listByDiscipline
FN:75,listByTeachers
FNF:4
FNH:4
FNDA:3,createTests
FNDA:2,formatTests
FNDA:1,listByDiscipline
FNDA:1,listByTeachers
DA:1,1
DA:2,1
DA:3,1
DA:4,1
DA:5,1
DA:6,1
DA:7,3
DA:8,3
DA:9,3
DA:10,3
DA:11,2
DA:12,2
DA:13,3
DA:14,1
DA:15,1
DA:16,1
DA:17,1
DA:18,1
DA:19,2
DA:20,2
DA:21,2
DA:22,2
DA:23,2
DA:24,2
DA:25,2
DA:26,2
DA:27,2
DA:28,2
DA:29,2
DA:30,2
DA:31,2
DA:32,2
DA:33,2
DA:34,2
DA:35,1
DA:36,1
DA:37,1
DA:38,1
DA:39,1
DA:40,1
DA:41,1
DA:42,1
DA:43,1
DA:44,1
DA:45,1
DA:46,1
DA:47,1
DA:48,1
DA:49,1
DA:50,1
DA:51,1
DA:52,1
DA:53,1
DA:54,1
DA:55,1
DA:56,1
DA:57,1
DA:58,1
DA:59,1
DA:60,1
DA:61,2
DA:62,2
DA:63,2
DA:64,2
DA:65,2
DA:66,2
DA:67,1
DA:68,1
DA:69,1
DA:70,1
DA:71,1
DA:72,1
DA:73,1
DA:74,1
DA:75,1
DA:76,1
DA:77,1
DA:78,1
DA:79,1
DA:80,1
DA:81,1
DA:82,1
DA:83,1
DA:84,1
DA:85,1
DA:86,1
LF:86
LH:86
BRDA:7,0,0,3
BRDA:10,1,0,1
BRDA:11,2,0,2
BRDA:13,3,0,1
BRDA:19,4,0,2
BRDA:34,5,0,1
BRDA:68,6,0,1
BRDA:75,7,0,1
BRF:8
BRH:8
end_of_record
TN:
SF:lib/services/usersService.ts
FN:11,createUsers
FN:21,list
FN:27,login
FNF:3
FNH:2
FNDA:10,createUsers
FNDA:0,list
FNDA:10,login
DA:1,1
DA:2,1
DA:3,1
DA:4,1
DA:5,1
DA:6,1
DA:7,1
DA:8,1
DA:9,1
DA:10,1
DA:11,10
DA:12,10
DA:13,10
DA:14,10
DA:15,9
DA:16,9
DA:17,9
DA:18,9
DA:19,9
DA:20,1
DA:21,0
DA:22,0
DA:23,0
DA:24,0
DA:25,0
DA:26,1
DA:27,10
DA:28,10
DA:29,10
DA:30,10
DA:31,10
DA:32,10
DA:33,10
DA:34,9
DA:35,9
DA:36,9
DA:37,9
DA:38,9
DA:39,1
DA:40,1
DA:41,1
DA:42,1
DA:43,1
DA:44,1
LF:44
LH:39
BRDA:9,0,0,0
BRDA:11,1,0,10
BRDA:14,2,0,9
BRDA:14,3,0,1
BRDA:27,4,0,10
BRDA:30,5,0,0
BRDA:33,6,0,9
BRDA:33,7,0,1
BRF:8
BRH:6
end_of_record
TN:
SF:lib/utils/errorFactory.ts
FN:1,errorFactory
FNF:1
FNH:1
FNDA:4,errorFactory
DA:1,4
DA:2,4
DA:3,4
DA:4,4
DA:5,4
DA:6,4
DA:7,4
DA:8,4
DA:9,1
DA:10,1
LF:10
LH:10
BRDA:1,0,0,4
BRF:1
BRH:1
end_of_record
TN:
SF:lib/utils/formatJoiErrors.ts
FN:3,default_1
FNF:1
FNH:1
FNDA:4,default_1
DA:1,1
DA:2,1
DA:3,4
DA:4,4
DA:5,4
DA:6,4
DA:7,4
DA:8,4
LF:8
LH:8
BRDA:3,0,0,4
BRDA:5,1,0,4
BRF:2
BRH:2
end_of_record
TN:
SF:tests/factories/testFactory.ts
FN:3,testFactory
FNF:1
FNH:1
FNDA:1,testFactory
DA:1,1
DA:2,1
DA:3,1
DA:4,1
DA:5,1
DA:6,1
DA:7,1
DA:8,1
DA:9,1
DA:10,1
DA:11,1
DA:12,1
LF:12
LH:12
BRDA:3,0,0,1
BRDA:8,1,0,0
BRDA:9,2,0,0
BRF:3
BRH:1
end_of_record
TN:
SF:tests/factories/userFactory.ts
FN:3,userFactory
FNF:1
FNH:1
FNDA:9,userFactory
DA:1,1
DA:2,1
DA:3,9
DA:4,9
DA:5,9
DA:6,9
DA:7,9
DA:8,9
DA:9,9
DA:10,9
DA:11,9
DA:12,9
DA:13,9
LF:13
LH:13
BRDA:3,0,0,9
BRDA:10,1,0,0
BRF:2
BRH:1
end_of_record
